2020-02-29 10:23:18,783:INFO:discord.client: logging in using static token
2020-02-29 10:23:19,388:DEBUG:discord.http: GET https://discordapp.com/api/v7/users/@me with None has returned 200
2020-02-29 10:23:19,388:DEBUG:discord.http: GET https://discordapp.com/api/v7/users/@me has received {'id': '668264807517913106', 'username': 'Amethyst (Moderation)', 'avatar': None, 'discriminator': '1676', 'bot': True, 'email': None, 'verified': True, 'locale': 'en-US', 'mfa_enabled': True, 'flags': 0}
2020-02-29 10:23:19,488:DEBUG:discord.http: GET https://discordapp.com/api/v7/gateway with None has returned 200
2020-02-29 10:23:19,488:DEBUG:discord.http: GET https://discordapp.com/api/v7/gateway has received {'url': 'wss://gateway.discord.gg'}
2020-02-29 10:23:20,373:INFO:discord.gateway: Created websocket connected to wss://gateway.discord.gg?encoding=json&v=6&compress=zlib-stream
2020-02-29 10:23:20,388:DEBUG:discord.client: Dispatching event socket_raw_receive
2020-02-29 10:23:20,388:DEBUG:discord.gateway: For Shard ID None: WebSocket Event: {'t': None, 's': None, 'op': 10, 'd': {'heartbeat_interval': 41250, '_trace': ['["gateway-prd-main-dtzt",{"micros":0.0}]']}}
2020-02-29 10:23:20,388:DEBUG:discord.client: Dispatching event socket_response
2020-02-29 10:23:20,388:DEBUG:discord.client: Dispatching event socket_raw_send
2020-02-29 10:23:20,392:DEBUG:discord.client: Dispatching event socket_raw_send
2020-02-29 10:23:20,392:INFO:discord.gateway: Shard ID None has sent the IDENTIFY payload.
2020-02-29 10:23:20,684:DEBUG:discord.client: Dispatching event socket_raw_receive
2020-02-29 10:23:20,684:DEBUG:discord.gateway: For Shard ID None: WebSocket Event: {'t': None, 's': None, 'op': 11, 'd': None}
2020-02-29 10:23:20,684:DEBUG:discord.client: Dispatching event socket_response
2020-02-29 10:23:20,869:DEBUG:discord.client: Dispatching event socket_raw_receive
2020-02-29 10:23:20,869:DEBUG:discord.gateway: For Shard ID None: WebSocket Event: {'t': 'READY', 's': 1, 'op': 0, 'd': {'v': 6, 'user_settings': {}, 'user': {'verified': True, 'username': 'Amethyst (Moderation)', 'mfa_enabled': True, 'id': '668264807517913106', 'email': None, 'discriminator': '1676', 'bot': True, 'avatar': None}, 'session_id': 'f852c6dd8b78f66edba4eda8ac9b3757', 'relationships': [], 'private_channels': [], 'presences': [], 'guilds': [{'unavailable': True, 'id': '608873428031766551'}], 'application': {'id': '668264807517913106', 'flags': 0}, '_trace': ['["gateway-prd-main-dtzt",{"micros":80058,"calls":["discord-sessions-prd-1-8",{"micros":78938,"calls":["start_session",{"micros":35118,"calls":["api-prd-main-3lqf",{"micros":32211,"calls":["get_user",{"micros":2744},"add_authorized_ip",{"micros":3266},"get_guilds",{"micros":1941},"coros_wait",{"micros":1}]}]},"guilds_connect",{"micros":3,"calls":[]},"presence_connect",{"micros":1,"calls":[]}]}]}]']}}
2020-02-29 10:23:20,869:DEBUG:discord.client: Dispatching event socket_response
2020-02-29 10:23:20,869:INFO:discord.gateway: Shard ID None has connected to Gateway: ["gateway-prd-main-dtzt",{"micros":80058,"calls":["discord-sessions-prd-1-8",{"micros":78938,"calls":["start_session",{"micros":35118,"calls":["api-prd-main-3lqf",{"micros":32211,"calls":["get_user",{"micros":2744},"add_authorized_ip",{"micros":3266},"get_guilds",{"micros":1941},"coros_wait",{"micros":1}]}]},"guilds_connect",{"micros":3,"calls":[]},"presence_connect",{"micros":1,"calls":[]}]}]}] (Session ID: f852c6dd8b78f66edba4eda8ac9b3757).
2020-02-29 10:23:20,869:DEBUG:discord.client: Dispatching event connect
2020-02-29 10:23:20,873:DEBUG:discord.client: Dispatching event socket_raw_receive
2020-02-29 10:23:20,873:DEBUG:discord.gateway: For Shard ID None: WebSocket Event: {'t': 'GUILD_CREATE', 's': 2, 'op': 0, 'd': {'large': False, 'features': [], 'joined_at': '2020-01-19T01:39:28.919000+00:00', 'lazy': True, 'member_count': 10, 'afk_channel_id': None, 'region': 'singapore', 'vanity_url_code': None, 'presences': [{'user': {'id': '382534096427024385'}, 'status': 'dnd', 'game': None, 'client_status': {'desktop': 'dnd'}, 'activities': []}, {'user': {'id': '525334420467744768'}, 'status': 'dnd', 'game': None, 'client_status': {'desktop': 'dnd'}, 'activities': []}, {'user': {'id': '668264807517913106'}, 'status': 'online', 'game': None, 'client_status': {'web': 'online'}, 'activities': []}], 'channels': [{'user_limit': 0, 'type': 4, 'position': 0, 'permission_overwrites': [], 'name': 'Text Channels', 'id': '608873428031766553', 'bitrate': 64000}, {'user_limit': 0, 'type': 4, 'position': 0, 'permission_overwrites': [], 'name': 'Voice Channels', 'id': '608873428031766557', 'bitrate': 64000}, {'user_limit': 0, 'type': 2, 'position': 0, 'permission_overwrites': [], 'parent_id': '608873428031766557', 'name': 'General', 'id': '608873428031766559', 'bitrate': 64000}, {'type': 0, 'topic': 'meme', 'rate_limit_per_user': 0, 'position': 3, 'permission_overwrites': [], 'parent_id': '608873428031766553', 'name': 'meme', 'last_pin_timestamp': '2019-08-09T07:52:58.455000+00:00', 'last_message_id': '609293029966086164', 'id': '608874666475388938'}, {'type': 0, 'topic': None, 'rate_limit_per_user': 0, 'position': 0, 'permission_overwrites': [{'type': 'role', 'id': '608873428031766551', 'deny': 805709840, 'allow': 65}], 'parent_id': '608873428031766553', 'name': 'law', 'last_message_id': '670587213553205259', 'id': '608876000037699584'}, {'type': 0, 'topic': None, 'rate_limit_per_user': 0, 'position': 7, 'permission_overwrites': [{'type': 'role', 'id': '608873428031766551', 'deny': 805709904, 'allow': 0}], 'parent_id': '608873428031766553', 'name': 'goodbyr-or-hello', 'last_message_id': '647352528102621196', 'id': '608878812121399296'}, {'type': 0, 'topic': None, 'rate_limit_per_user': 0, 'position': 4, 'permission_overwrites': [], 'parent_id': '608873428031766553', 'name': 'amethysm-language', 'last_pin_timestamp': '2019-08-08T08:16:30.398000+00:00', 'last_message_id': '682864176456400896', 'id': '608880475573977101'}, {'type': 0, 'topic': 'ppl put memes or raid here', 'rate_limit_per_user': 0, 'position': 5, 'permission_overwrites': [], 'parent_id': '608873428031766553', 'name': 'raid', 'last_pin_timestamp': '2019-08-08T07:12:10.649000+00:00', 'last_message_id': '663368146266357800', 'id': '608919527358464009'}, {'type': 0, 'topic': None, 'rate_limit_per_user': 0, 'position': 1, 'permission_overwrites': [{'type': 'role', 'id': '608873428031766551', 'deny': 805570640, 'allow': 0}], 'parent_id': '608873428031766553', 'name': 'roles', 'last_message_id': '608923493588795403', 'id': '608922754657419274'}, {'type': 0, 'topic': None, 'rate_limit_per_user': 0, 'position': 6, 'permission_overwrites': [], 'parent_id': '608873428031766553', 'name': 'advertise', 'last_message_id': '649953393317642240', 'id': '608931624280653824'}, {'type': 0, 'topic': None, 'rate_limit_per_user': 0, 'position': 8, 'permission_overwrites': [], 'parent_id': '608873428031766553', 'name': 'video-youtube', 'last_message_id': None, 'id': '608932198107709450'}, {'type': 0, 'topic': None, 'rate_limit_per_user': 0, 'position': 9, 'permission_overwrites': [{'type': 'role', 'id': '608873428031766551', 'deny': 805829713, 'allow': 0}, {'type': 'role', 'id': '608874900194590720', 'deny': 0, 'allow': 0}, {'type': 'role', 'id': '608875044935958531', 'deny': 0, 'allow': 0}], 'parent_id': '608873428031766553', 'name': 'staff-chat', 'last_message_id': '682871619974332477', 'id': '608939815186071552'}, {'type': 0, 'topic': None, 'rate_limit_per_user': 0, 'position': 2, 'permission_overwrites': [], 'parent_id': '608873428031766553', 'name': 'chat-nospam', 'last_message_id': '681887658775150610', 'id': '609588516392796160'}], 'system_channel_id': None, 'roles': [{'position': 0, 'permissions': 104324673, 'name': '@everyone', 'mentionable': False, 'managed': False, 'id': '608873428031766551', 'hoist': False, 'color': 0}, {'position': 4, 'permissions': 37215809, 'name': 'Raider', 'mentionable': True, 'managed': False, 'id': '608874769609392129', 'hoist': False, 'color': 3066993}, {'position': 11, 'permissions': 104324681, 'name': 'Nazi', 'mentionable': True, 'managed': False, 'id': '608874900194590720', 'hoist': False, 'color': 16711680}, {'position': 3, 'permissions': 122368, 'name': 'Abuser', 'mentionable': True, 'managed': False, 'id': '608874900345847818', 'hoist': True, 'color': 10181046}, {'position': 8, 'permissions': 238542407, 'name': 'Raiding Commander', 'mentionable': True, 'managed': False, 'id': '608875044935958531', 'hoist': False, 'color': 3447003}, {'position': 5, 'permissions': 104324673, 'name': 'Duolingo Killer', 'mentionable': True, 'managed': False, 'id': '608875489347502111', 'hoist': False, 'color': 15844367}, {'position': 7, 'permissions': 104324673, 'name': 'Raiding Youtuber', 'mentionable': True, 'managed': False, 'id': '608925312746782721', 'hoist': False, 'color': 15434508}, {'position': 6, 'permissions': 104324673, 'name': 'Nerd Coder', 'mentionable': False, 'managed': False, 'id': '609240920637964288', 'hoist': False, 'color': 3574589}, {'position': 10, 'permissions': 2146959359, 'name': 'Amethyst', 'mentionable': False, 'managed': True, 'id': '647352463950741510', 'hoist': False, 'color': 0}, {'position': 1, 'permissions': 8, 'name': 'DuoRaid', 'mentionable': False, 'managed': True, 'id': '648134300537192450', 'hoist': False, 'color': 0}, {'position': 1, 'permissions': 8, 'name': 'Amethyst (local test)', 'mentionable': False, 'managed': True, 'id': '663377730309455893', 'hoist': False, 'color': 0}, {'position': 1, 'permissions': 8, 'name': 'Amethyst (Moderation)', 'mentionable': False, 'managed': True, 'id': '668268259606528020', 'hoist': False, 'color': 0}, {'position': 1, 'permissions': 8, 'name': 'Pickup Bot', 'mentionable': False, 'managed': True, 'id': '669481333898346506', 'hoist': False, 'color': 0}, {'position': 1, 'permissions': 8, 'name': 'HackerBot', 'mentionable': False, 'managed': True, 'id': '681885173809414186', 'hoist': False, 'color': 0}], 'unavailable': False, 'icon': 'a24c1dbe177ed660116401c7c8e822e1', 'afk_timeout': 300, 'discovery_splash': None, 'name': 'Duolingo Raiding Group', 'application_id': None, 'rules_channel_id': None, 'premium_tier': 0, 'preferred_locale': 'en-US', 'splash': None, 'public_updates_channel_id': None, 'members': [{'user': {'username': 'Pichu', 'id': '382534096427024385', 'discriminator': '7916', 'avatar': 'ad7b8a9ce0192fa0eb5651098a7224d9'}, 'roles': ['608874769609392129', '608874900194590720', '608875044935958531', '609240920637964288'], 'nick': '[Nazi] Pichu', 'mute': False, 'joined_at': '2019-08-08T04:32:29.410000+00:00', 'hoisted_role': None, 'deaf': False}, {'user': {'username': 'Frickigend', 'id': '439620865890451462', 'discriminator': '1684', 'avatar': '1c898c6cf2d20bd8bcd1d994d768525a'}, 'roles': ['608874900194590720'], 'nick': '[Nazi] Fric', 'mute': False, 'joined_at': '2019-08-08T04:05:37.638000+00:00', 'hoisted_role': None, 'deaf': False}, {'user': {'username': 'Amethysm', 'id': '525334420467744768', 'discriminator': '7204', 'avatar': 'ee61596888f4198f3eccb3b7a7b88c45'}, 'roles': ['608874769609392129', '608874900194590720', '608875489347502111', '609240920637964288'], 'nick': '[Nazi] Amethysm', 'mute': False, 'joined_at': '2019-08-08T04:07:55.958000+00:00', 'hoisted_role': None, 'deaf': False}, {'user': {'username': 'Duolingo', 'id': '609625749464547328', 'discriminator': '5443', 'bot': True, 'avatar': None}, 'roles': ['648134300537192450'], 'mute': False, 'joined_at': '2019-11-24T12:14:19.035000+00:00', 'hoisted_role': None, 'deaf': False}, {'user': {'username': 'Amethyst', 'id': '647350856248983552', 'discriminator': '9081', 'bot': True, 'avatar': '61f81e0b4c1461b86dc558750c3e70ae'}, 'roles': ['608874769609392129', '608875044935958531', '647352463950741510'], 'mute': False, 'joined_at': '2019-11-22T08:27:34.731000+00:00', 'hoisted_role': None, 'deaf': False}, {'user': {'username': 'Amethyst (local test)', 'id': '663377141412659200', 'discriminator': '3233', 'bot': True, 'avatar': 'b9fe5c54e82c99b94eee494b659e7d24'}, 'roles': ['663377730309455893'], 'mute': False, 'joined_at': '2020-01-05T13:46:15.904000+00:00', 'hoisted_role': None, 'deaf': False}, {'user': {'username': 'Amethysm123', 'id': '663722173243981825', 'discriminator': '8056', 'avatar': None}, 'roles': [], 'mute': False, 'joined_at': '2020-01-06T12:39:17.378000+00:00', 'hoisted_role': None, 'deaf': False}, {'user': {'username': 'Amethyst (Moderation)', 'id': '668264807517913106', 'discriminator': '1676', 'bot': True, 'avatar': None}, 'roles': ['668268259606528020'], 'mute': False, 'joined_at': '2020-01-19T01:39:28.919000+00:00', 'hoisted_role': None, 'deaf': False}, {'user': {'username': 'Useless Bot', 'id': '669481010555256842', 'discriminator': '0238', 'bot': True, 'avatar': None}, 'roles': ['669481333898346506'], 'mute': False, 'joined_at': '2020-01-22T09:59:48.369000+00:00', 'hoisted_role': None, 'deaf': False}, {'user': {'username': 'HackerBot', 'id': '681884835408642068', 'discriminator': '3826', 'bot': True, 'avatar': None}, 'roles': ['681885173809414186'], 'mute': False, 'joined_at': '2020-02-25T15:28:14.270000+00:00', 'hoisted_role': None, 'deaf': False}], 'voice_states': [], 'mfa_level': 0, 'premium_subscription_count': 0, 'default_message_notifications': 0, 'owner_id': '439620865890451462', 'description': None, 'banner': None, 'emojis': [{'roles': [], 'require_colons': True, 'name': 'oof10000', 'managed': False, 'id': '608881644715376650', 'available': True, 'animated': False}, {'roles': [], 'require_colons': True, 'name': 'lingot', 'managed': False, 'id': '609639900278554624', 'available': True, 'animated': False}, {'roles': [], 'require_colons': True, 'name': 'amethyst', 'managed': False, 'id': '658956694734241792', 'available': True, 'animated': False}, {'roles': [], 'require_colons': True, 'name': 'tripleamethyst', 'managed': False, 'id': '658987905095565317', 'available': True, 'animated': False}, {'roles': [], 'require_colons': True, 'name': 'pepega', 'managed': False, 'id': '676777179887173702', 'available': True, 'animated': False}], 'verification_level': 0, 'id': '608873428031766551', 'system_channel_flags': 0, 'explicit_content_filter': 0}}
2020-02-29 10:23:20,873:DEBUG:discord.client: Dispatching event socket_response
2020-02-29 10:23:20,877:DEBUG:discord.client: Dispatching event guild_available
2020-02-29 10:23:22,861:DEBUG:discord.client: Dispatching event ready
2020-02-29 10:23:22,861:DEBUG:discord.gateway: Sending "{"op":3,"d":{"game":{"type":0,"name":"Playing with 1 guilds","timestamps":{}},"afk":false,"since":0.0,"status":"online"}}" to change status
2020-02-29 10:23:22,861:DEBUG:discord.client: Dispatching event socket_raw_send
2020-02-29 10:23:27,864:DEBUG:discord.gateway: Sending "{"op":3,"d":{"game":{"type":0,"name":"Playing with 1 guilds","timestamps":{}},"afk":false,"since":0.0,"status":"online"}}" to change status
2020-02-29 10:23:27,864:DEBUG:discord.client: Dispatching event socket_raw_send
2020-02-29 10:23:29,796:DEBUG:discord.client: Dispatching event socket_raw_receive
2020-02-29 10:23:29,796:DEBUG:discord.gateway: For Shard ID None: WebSocket Event: {'t': 'TYPING_START', 's': 3, 'op': 0, 'd': {'user_id': '525334420467744768', 'timestamp': 1582946530, 'member': {'user': {'username': 'Amethysm', 'id': '525334420467744768', 'discriminator': '7204', 'avatar': 'ee61596888f4198f3eccb3b7a7b88c45'}, 'roles': ['608874769609392129', '608874900194590720', '608875489347502111', '609240920637964288'], 'nick': '[Nazi] Amethysm', 'mute': False, 'joined_at': '2019-08-08T04:07:55.958000+00:00', 'hoisted_role': None, 'deaf': False}, 'channel_id': '608939815186071552', 'guild_id': '608873428031766551'}}
2020-02-29 10:23:29,796:DEBUG:discord.client: Dispatching event socket_response
2020-02-29 10:23:29,796:DEBUG:discord.client: Dispatching event typing
2020-02-29 10:23:31,067:DEBUG:discord.client: Dispatching event socket_raw_receive
2020-02-29 10:23:31,067:DEBUG:discord.gateway: For Shard ID None: WebSocket Event: {'t': 'MESSAGE_CREATE', 's': 4, 'op': 0, 'd': {'type': 0, 'tts': False, 'timestamp': '2020-02-29T03:22:11.575000+00:00', 'pinned': False, 'nonce': '683152342010298368', 'mentions': [], 'mention_roles': [], 'mention_everyone': False, 'member': {'roles': ['608874769609392129', '608874900194590720', '608875489347502111', '609240920637964288'], 'nick': '[Nazi] Amethysm', 'mute': False, 'joined_at': '2019-08-08T04:07:55.958000+00:00', 'hoisted_role': None, 'deaf': False}, 'id': '683152010169679979', 'flags': 0, 'embeds': [], 'edited_timestamp': None, 'content': 'Alexa netBuild', 'channel_id': '608939815186071552', 'author': {'username': 'Amethysm', 'id': '525334420467744768', 'discriminator': '7204', 'avatar': 'ee61596888f4198f3eccb3b7a7b88c45'}, 'attachments': [], 'guild_id': '608873428031766551'}}
2020-02-29 10:23:31,067:DEBUG:discord.client: Dispatching event socket_response
2020-02-29 10:23:31,067:DEBUG:discord.client: Dispatching event message
2020-02-29 10:23:31,386:DEBUG:discord.http: POST https://discordapp.com/api/v7/channels/608939815186071552/messages with {"content":"=========== NEW LOG ===========\nContent of message: Alexa netBuild \nDate and Time in UTC: 2020-02-29 03:22:11.575000 \nServer Orgin: Duolingo Raiding Group channel: staff-chat \nMessage sender's name: ```Amethysm#7204```\n=========== END LOG ==========="} has returned 200
2020-02-29 10:23:31,386:DEBUG:discord.http: POST https://discordapp.com/api/v7/channels/608939815186071552/messages has received {'id': '683152011625234643', 'type': 0, 'content': "=========== NEW LOG ===========\nContent of message: Alexa netBuild \nDate and Time in UTC: 2020-02-29 03:22:11.575000 \nServer Orgin: Duolingo Raiding Group channel: staff-chat \nMessage sender's name: ```Amethysm#7204```\n=========== END LOG ===========", 'channel_id': '608939815186071552', 'author': {'id': '668264807517913106', 'username': 'Amethyst (Moderation)', 'avatar': None, 'discriminator': '1676', 'bot': True}, 'attachments': [], 'embeds': [], 'mentions': [], 'mention_roles': [], 'pinned': False, 'mention_everyone': False, 'tts': False, 'timestamp': '2020-02-29T03:22:11.922000+00:00', 'edited_timestamp': None, 'flags': 0, 'nonce': None}
2020-02-29 10:23:31,386:DEBUG:discord.client: Dispatching event command
2020-02-29 10:23:31,416:DEBUG:discord.client: Dispatching event socket_raw_receive
2020-02-29 10:23:31,416:DEBUG:discord.gateway: For Shard ID None: WebSocket Event: {'t': 'MESSAGE_CREATE', 's': 5, 'op': 0, 'd': {'type': 0, 'tts': False, 'timestamp': '2020-02-29T03:22:11.922000+00:00', 'pinned': False, 'nonce': None, 'mentions': [], 'mention_roles': [], 'mention_everyone': False, 'member': {'roles': ['668268259606528020'], 'mute': False, 'joined_at': '2020-01-19T01:39:28.919000+00:00', 'hoisted_role': None, 'deaf': False}, 'id': '683152011625234643', 'flags': 0, 'embeds': [], 'edited_timestamp': None, 'content': "=========== NEW LOG ===========\nContent of message: Alexa netBuild \nDate and Time in UTC: 2020-02-29 03:22:11.575000 \nServer Orgin: Duolingo Raiding Group channel: staff-chat \nMessage sender's name: ```Amethysm#7204```\n=========== END LOG ===========", 'channel_id': '608939815186071552', 'author': {'username': 'Amethyst (Moderation)', 'id': '668264807517913106', 'discriminator': '1676', 'bot': True, 'avatar': None}, 'attachments': [], 'guild_id': '608873428031766551'}}
2020-02-29 10:23:31,416:DEBUG:discord.client: Dispatching event socket_response
2020-02-29 10:23:31,416:DEBUG:discord.client: Dispatching event message
2020-02-29 10:23:31,766:DEBUG:discord.client: Dispatching event socket_raw_receive
2020-02-29 10:23:31,766:DEBUG:discord.gateway: For Shard ID None: WebSocket Event: {'t': 'MESSAGE_CREATE', 's': 6, 'op': 0, 'd': {'type': 0, 'tts': False, 'timestamp': '2020-02-29T03:22:12.265000+00:00', 'pinned': False, 'nonce': None, 'mentions': [], 'mention_roles': [], 'mention_everyone': False, 'member': {'roles': ['668268259606528020'], 'mute': False, 'joined_at': '2020-01-19T01:39:28.919000+00:00', 'hoisted_role': None, 'deaf': False}, 'id': '683152013063880849', 'flags': 0, 'embeds': [], 'edited_timestamp': None, 'content': "Network building started in Amethysm's DM!", 'channel_id': '608939815186071552', 'author': {'username': 'Amethyst (Moderation)', 'id': '668264807517913106', 'discriminator': '1676', 'bot': True, 'avatar': None}, 'attachments': [], 'guild_id': '608873428031766551'}}
2020-02-29 10:23:31,766:DEBUG:discord.client: Dispatching event socket_response
2020-02-29 10:23:31,766:DEBUG:discord.client: Dispatching event message
2020-02-29 10:23:31,766:DEBUG:discord.http: POST https://discordapp.com/api/v7/channels/608939815186071552/messages with {"content":"Network building started in Amethysm's DM!"} has returned 200
2020-02-29 10:23:31,766:DEBUG:discord.http: POST https://discordapp.com/api/v7/channels/608939815186071552/messages has received {'id': '683152013063880849', 'type': 0, 'content': "Network building started in Amethysm's DM!", 'channel_id': '608939815186071552', 'author': {'id': '668264807517913106', 'username': 'Amethyst (Moderation)', 'avatar': None, 'discriminator': '1676', 'bot': True}, 'attachments': [], 'embeds': [], 'mentions': [], 'mention_roles': [], 'pinned': False, 'mention_everyone': False, 'tts': False, 'timestamp': '2020-02-29T03:22:12.265000+00:00', 'edited_timestamp': None, 'flags': 0, 'nonce': None}
2020-02-29 10:23:32,067:DEBUG:discord.http: POST https://discordapp.com/api/v7/users/@me/channels with {"recipient_id":525334420467744768} has returned 200
2020-02-29 10:23:32,067:DEBUG:discord.http: POST https://discordapp.com/api/v7/users/@me/channels has received {'id': '668268319190679585', 'last_message_id': '668269025834303518', 'type': 1, 'recipients': [{'id': '525334420467744768', 'username': 'Amethysm', 'avatar': 'ee61596888f4198f3eccb3b7a7b88c45', 'discriminator': '7204'}]}
2020-02-29 10:23:32,427:DEBUG:discord.client: Dispatching event socket_raw_receive
2020-02-29 10:23:32,427:DEBUG:discord.gateway: For Shard ID None: WebSocket Event: {'t': 'CHANNEL_CREATE', 's': 7, 'op': 0, 'd': {'type': 1, 'recipients': [{'username': 'Amethysm', 'id': '525334420467744768', 'discriminator': '7204', 'avatar': 'ee61596888f4198f3eccb3b7a7b88c45'}], 'last_message_id': '668269025834303518', 'id': '668268319190679585'}}
2020-02-29 10:23:32,427:DEBUG:discord.client: Dispatching event socket_response
2020-02-29 10:23:32,452:DEBUG:discord.http: POST https://discordapp.com/api/v7/channels/668268319190679585/messages with {"content":"Network building started!"} has returned 200
2020-02-29 10:23:32,452:DEBUG:discord.http: POST https://discordapp.com/api/v7/channels/668268319190679585/messages has received {'id': '683152015991373843', 'type': 0, 'content': 'Network building started!', 'channel_id': '668268319190679585', 'author': {'id': '668264807517913106', 'username': 'Amethyst (Moderation)', 'avatar': None, 'discriminator': '1676', 'bot': True}, 'attachments': [], 'embeds': [], 'mentions': [], 'mention_roles': [], 'pinned': False, 'mention_everyone': False, 'tts': False, 'timestamp': '2020-02-29T03:22:12.963000+00:00', 'edited_timestamp': None, 'flags': 0, 'nonce': None}
2020-02-29 10:23:32,460:DEBUG:discord.client: Dispatching event socket_raw_receive
2020-02-29 10:23:32,460:DEBUG:discord.gateway: For Shard ID None: WebSocket Event: {'t': 'CHANNEL_CREATE', 's': 8, 'op': 0, 'd': {'type': 1, 'recipients': [{'username': 'Amethysm', 'id': '525334420467744768', 'discriminator': '7204', 'avatar': 'ee61596888f4198f3eccb3b7a7b88c45'}], 'last_message_id': '683152015991373843', 'id': '668268319190679585'}}
2020-02-29 10:23:32,460:DEBUG:discord.client: Dispatching event socket_response
2020-02-29 10:23:32,460:DEBUG:discord.client: Dispatching event socket_raw_receive
2020-02-29 10:23:32,460:DEBUG:discord.gateway: For Shard ID None: WebSocket Event: {'t': 'MESSAGE_CREATE', 's': 9, 'op': 0, 'd': {'type': 0, 'tts': False, 'timestamp': '2020-02-29T03:22:12.963000+00:00', 'pinned': False, 'nonce': None, 'mentions': [], 'mention_roles': [], 'mention_everyone': False, 'id': '683152015991373843', 'flags': 0, 'embeds': [], 'edited_timestamp': None, 'content': 'Network building started!', 'channel_id': '668268319190679585', 'author': {'username': 'Amethyst (Moderation)', 'id': '668264807517913106', 'discriminator': '1676', 'bot': True, 'avatar': None}, 'attachments': []}}
2020-02-29 10:23:32,460:DEBUG:discord.client: Dispatching event socket_response
2020-02-29 10:23:32,464:DEBUG:discord.client: Dispatching event message
2020-02-29 10:23:32,779:DEBUG:discord.http: POST https://discordapp.com/api/v7/channels/668268319190679585/messages with {"content":"Input all nodes connected to node: netCon."} has returned 200
2020-02-29 10:23:32,783:DEBUG:discord.http: POST https://discordapp.com/api/v7/channels/668268319190679585/messages has received {'id': '683152017417437231', 'type': 0, 'content': 'Input all nodes connected to node: netCon.', 'channel_id': '668268319190679585', 'author': {'id': '668264807517913106', 'username': 'Amethyst (Moderation)', 'avatar': None, 'discriminator': '1676', 'bot': True}, 'attachments': [], 'embeds': [], 'mentions': [], 'mention_roles': [], 'pinned': False, 'mention_everyone': False, 'tts': False, 'timestamp': '2020-02-29T03:22:13.303000+00:00', 'edited_timestamp': None, 'flags': 0, 'nonce': None}
2020-02-29 10:23:32,810:DEBUG:discord.client: Dispatching event socket_raw_receive
2020-02-29 10:23:32,810:DEBUG:discord.gateway: For Shard ID None: WebSocket Event: {'t': 'CHANNEL_CREATE', 's': 10, 'op': 0, 'd': {'type': 1, 'recipients': [{'username': 'Amethysm', 'id': '525334420467744768', 'discriminator': '7204', 'avatar': 'ee61596888f4198f3eccb3b7a7b88c45'}], 'last_message_id': '683152017417437231', 'id': '668268319190679585'}}
2020-02-29 10:23:32,814:DEBUG:discord.client: Dispatching event socket_response
2020-02-29 10:23:32,814:DEBUG:discord.client: Dispatching event socket_raw_receive
2020-02-29 10:23:32,814:DEBUG:discord.gateway: For Shard ID None: WebSocket Event: {'t': 'MESSAGE_CREATE', 's': 11, 'op': 0, 'd': {'type': 0, 'tts': False, 'timestamp': '2020-02-29T03:22:13.303000+00:00', 'pinned': False, 'nonce': None, 'mentions': [], 'mention_roles': [], 'mention_everyone': False, 'id': '683152017417437231', 'flags': 0, 'embeds': [], 'edited_timestamp': None, 'content': 'Input all nodes connected to node: netCon.', 'channel_id': '668268319190679585', 'author': {'username': 'Amethyst (Moderation)', 'id': '668264807517913106', 'discriminator': '1676', 'bot': True, 'avatar': None}, 'attachments': []}}
2020-02-29 10:23:32,814:DEBUG:discord.client: Dispatching event socket_response
2020-02-29 10:23:32,814:DEBUG:discord.client: Dispatching event message
2020-02-29 10:23:32,866:DEBUG:discord.gateway: Sending "{"op":3,"d":{"game":{"type":0,"name":"Playing with 1 guilds","timestamps":{}},"afk":false,"since":0.0,"status":"online"}}" to change status
2020-02-29 10:23:32,866:DEBUG:discord.client: Dispatching event socket_raw_send
2020-02-29 10:23:37,873:DEBUG:discord.gateway: Sending "{"op":3,"d":{"game":{"type":0,"name":"Playing with 1 guilds","timestamps":{}},"afk":false,"since":0.0,"status":"online"}}" to change status
2020-02-29 10:23:37,873:DEBUG:discord.client: Dispatching event socket_raw_send
2020-02-29 10:23:38,685:DEBUG:discord.client: Dispatching event socket_raw_receive
2020-02-29 10:23:38,689:DEBUG:discord.gateway: For Shard ID None: WebSocket Event: {'t': 'CHANNEL_CREATE', 's': 12, 'op': 0, 'd': {'type': 1, 'recipients': [{'username': 'Amethysm', 'id': '525334420467744768', 'discriminator': '7204', 'avatar': 'ee61596888f4198f3eccb3b7a7b88c45'}], 'last_message_id': '683152042214424608', 'id': '668268319190679585'}}
2020-02-29 10:23:38,689:DEBUG:discord.client: Dispatching event socket_response
2020-02-29 10:23:38,689:DEBUG:discord.client: Dispatching event socket_raw_receive
2020-02-29 10:23:38,689:DEBUG:discord.gateway: For Shard ID None: WebSocket Event: {'t': 'MESSAGE_CREATE', 's': 13, 'op': 0, 'd': {'type': 0, 'tts': False, 'timestamp': '2020-02-29T03:22:19.215000+00:00', 'pinned': False, 'nonce': '683152374134472704', 'mentions': [], 'mention_roles': [], 'mention_everyone': False, 'id': '683152042214424608', 'flags': 0, 'embeds': [], 'edited_timestamp': None, 'content': 'library', 'channel_id': '668268319190679585', 'author': {'username': 'Amethysm', 'id': '525334420467744768', 'discriminator': '7204', 'avatar': 'ee61596888f4198f3eccb3b7a7b88c45'}, 'attachments': []}}
2020-02-29 10:23:38,689:DEBUG:discord.client: Dispatching event socket_response
2020-02-29 10:23:38,689:DEBUG:discord.client: Dispatching event message
2020-02-29 10:23:39,034:DEBUG:discord.client: Dispatching event socket_raw_receive
2020-02-29 10:23:39,034:DEBUG:discord.gateway: For Shard ID None: WebSocket Event: {'t': 'CHANNEL_CREATE', 's': 14, 'op': 0, 'd': {'type': 1, 'recipients': [{'username': 'Amethysm', 'id': '525334420467744768', 'discriminator': '7204', 'avatar': 'ee61596888f4198f3eccb3b7a7b88c45'}], 'last_message_id': '683152043669454876', 'id': '668268319190679585'}}
2020-02-29 10:23:39,034:DEBUG:discord.client: Dispatching event socket_response
2020-02-29 10:23:39,034:DEBUG:discord.client: Dispatching event socket_raw_receive
2020-02-29 10:23:39,034:DEBUG:discord.gateway: For Shard ID None: WebSocket Event: {'t': 'MESSAGE_CREATE', 's': 15, 'op': 0, 'd': {'type': 0, 'tts': False, 'timestamp': '2020-02-29T03:22:19.562000+00:00', 'pinned': False, 'nonce': None, 'mentions': [], 'mention_roles': [], 'mention_everyone': False, 'id': '683152043669454876', 'flags': 0, 'embeds': [], 'edited_timestamp': None, 'content': 'Input all nodes connected to node: library.', 'channel_id': '668268319190679585', 'author': {'username': 'Amethyst (Moderation)', 'id': '668264807517913106', 'discriminator': '1676', 'bot': True, 'avatar': None}, 'attachments': []}}
2020-02-29 10:23:39,034:DEBUG:discord.client: Dispatching event socket_response
2020-02-29 10:23:39,034:DEBUG:discord.client: Dispatching event message
2020-02-29 10:23:39,094:DEBUG:discord.http: POST https://discordapp.com/api/v7/channels/668268319190679585/messages with {"content":"Input all nodes connected to node: library."} has returned 200
2020-02-29 10:23:39,094:DEBUG:discord.http: POST https://discordapp.com/api/v7/channels/668268319190679585/messages has received {'id': '683152043669454876', 'type': 0, 'content': 'Input all nodes connected to node: library.', 'channel_id': '668268319190679585', 'author': {'id': '668264807517913106', 'username': 'Amethyst (Moderation)', 'avatar': None, 'discriminator': '1676', 'bot': True}, 'attachments': [], 'embeds': [], 'mentions': [], 'mention_roles': [], 'pinned': False, 'mention_everyone': False, 'tts': False, 'timestamp': '2020-02-29T03:22:19.562000+00:00', 'edited_timestamp': None, 'flags': 0, 'nonce': None}
2020-02-29 10:23:41,421:DEBUG:discord.client: Dispatching event socket_raw_receive
2020-02-29 10:23:41,421:DEBUG:discord.gateway: For Shard ID None: WebSocket Event: {'t': 'CHANNEL_CREATE', 's': 16, 'op': 0, 'd': {'type': 1, 'recipients': [{'username': 'Amethysm', 'id': '525334420467744768', 'discriminator': '7204', 'avatar': 'ee61596888f4198f3eccb3b7a7b88c45'}], 'last_message_id': '683152053773926410', 'id': '668268319190679585'}}
2020-02-29 10:23:41,421:DEBUG:discord.client: Dispatching event socket_response
2020-02-29 10:23:41,421:DEBUG:discord.client: Dispatching event socket_raw_receive
2020-02-29 10:23:41,421:DEBUG:discord.gateway: For Shard ID None: WebSocket Event: {'t': 'MESSAGE_CREATE', 's': 17, 'op': 0, 'd': {'type': 0, 'tts': False, 'timestamp': '2020-02-29T03:22:21.971000+00:00', 'pinned': False, 'nonce': '683152384582483968', 'mentions': [], 'mention_roles': [], 'mention_everyone': False, 'id': '683152053773926410', 'flags': 0, 'embeds': [], 'edited_timestamp': None, 'content': 'ur mom gay', 'channel_id': '668268319190679585', 'author': {'username': 'Amethysm', 'id': '525334420467744768', 'discriminator': '7204', 'avatar': 'ee61596888f4198f3eccb3b7a7b88c45'}, 'attachments': []}}
2020-02-29 10:23:41,427:DEBUG:discord.client: Dispatching event socket_response
2020-02-29 10:23:41,427:DEBUG:discord.client: Dispatching event message
2020-02-29 10:23:41,777:DEBUG:discord.client: Dispatching event socket_raw_receive
2020-02-29 10:23:41,777:DEBUG:discord.gateway: For Shard ID None: WebSocket Event: {'t': 'CHANNEL_CREATE', 's': 18, 'op': 0, 'd': {'type': 1, 'recipients': [{'username': 'Amethysm', 'id': '525334420467744768', 'discriminator': '7204', 'avatar': 'ee61596888f4198f3eccb3b7a7b88c45'}], 'last_message_id': '683152054885154887', 'id': '668268319190679585'}}
2020-02-29 10:23:41,777:DEBUG:discord.client: Dispatching event socket_response
2020-02-29 10:23:41,777:DEBUG:discord.client: Dispatching event socket_raw_receive
2020-02-29 10:23:41,777:DEBUG:discord.gateway: For Shard ID None: WebSocket Event: {'t': 'MESSAGE_CREATE', 's': 19, 'op': 0, 'd': {'type': 0, 'tts': False, 'timestamp': '2020-02-29T03:22:22.236000+00:00', 'pinned': False, 'nonce': None, 'mentions': [], 'mention_roles': [], 'mention_everyone': False, 'id': '683152054885154887', 'flags': 0, 'embeds': [], 'edited_timestamp': None, 'content': 'Input all nodes connected to node: ur.', 'channel_id': '668268319190679585', 'author': {'username': 'Amethyst (Moderation)', 'id': '668264807517913106', 'discriminator': '1676', 'bot': True, 'avatar': None}, 'attachments': []}}
2020-02-29 10:23:41,777:DEBUG:discord.client: Dispatching event socket_response
2020-02-29 10:23:41,777:DEBUG:discord.client: Dispatching event message
2020-02-29 10:23:41,809:DEBUG:discord.http: POST https://discordapp.com/api/v7/channels/668268319190679585/messages with {"content":"Input all nodes connected to node: ur."} has returned 200
2020-02-29 10:23:41,809:DEBUG:discord.http: POST https://discordapp.com/api/v7/channels/668268319190679585/messages has received {'id': '683152054885154887', 'type': 0, 'content': 'Input all nodes connected to node: ur.', 'channel_id': '668268319190679585', 'author': {'id': '668264807517913106', 'username': 'Amethyst (Moderation)', 'avatar': None, 'discriminator': '1676', 'bot': True}, 'attachments': [], 'embeds': [], 'mentions': [], 'mention_roles': [], 'pinned': False, 'mention_everyone': False, 'tts': False, 'timestamp': '2020-02-29T03:22:22.236000+00:00', 'edited_timestamp': None, 'flags': 0, 'nonce': None}
2020-02-29 10:23:42,874:DEBUG:discord.gateway: Sending "{"op":3,"d":{"game":{"type":0,"name":"Playing with 1 guilds","timestamps":{}},"afk":false,"since":0.0,"status":"online"}}" to change status
2020-02-29 10:23:42,874:DEBUG:discord.client: Dispatching event socket_raw_send
2020-02-29 10:23:47,876:DEBUG:discord.gateway: Sending "{"op":3,"d":{"game":{"type":0,"name":"Playing with 1 guilds","timestamps":{}},"afk":false,"since":0.0,"status":"online"}}" to change status
2020-02-29 10:23:47,876:DEBUG:discord.client: Dispatching event socket_raw_send
2020-02-29 10:23:52,880:DEBUG:discord.gateway: Sending "{"op":3,"d":{"game":{"type":0,"name":"Playing with 1 guilds","timestamps":{}},"afk":false,"since":0.0,"status":"online"}}" to change status
2020-02-29 10:23:52,880:DEBUG:discord.client: Dispatching event socket_raw_send
2020-02-29 10:23:57,883:DEBUG:discord.gateway: Sending "{"op":3,"d":{"game":{"type":0,"name":"Playing with 1 guilds","timestamps":{}},"afk":false,"since":0.0,"status":"online"}}" to change status
2020-02-29 10:23:57,883:DEBUG:discord.client: Dispatching event socket_raw_send
2020-02-29 10:24:01,647:DEBUG:discord.gateway: Keeping websocket alive with sequence 19.
2020-02-29 10:24:01,651:DEBUG:discord.client: Dispatching event socket_raw_send
2020-02-29 10:24:01,815:DEBUG:discord.client: Dispatching event command_error
2020-02-29 10:24:01,919:DEBUG:discord.client: Dispatching event socket_raw_receive
2020-02-29 10:24:01,919:DEBUG:discord.gateway: For Shard ID None: WebSocket Event: {'t': None, 's': None, 'op': 11, 'd': None}
2020-02-29 10:24:01,919:DEBUG:discord.client: Dispatching event socket_response
2020-02-29 10:24:02,784:DEBUG:discord.client: Dispatching event socket_raw_receive
2020-02-29 10:24:02,784:DEBUG:discord.gateway: For Shard ID None: WebSocket Event: {'t': 'MESSAGE_CREATE', 's': 20, 'op': 0, 'd': {'type': 0, 'tts': False, 'timestamp': '2020-02-29T03:22:42.906000+00:00', 'pinned': False, 'nonce': None, 'mentions': [], 'mention_roles': [], 'mention_everyone': False, 'member': {'roles': ['668268259606528020'], 'mute': False, 'joined_at': '2020-01-19T01:39:28.919000+00:00', 'hoisted_role': None, 'deaf': False}, 'id': '683152141581549623', 'flags': 0, 'embeds': [], 'edited_timestamp': None, 'content': 'Oops, an error occured! Command raised an exception: TimeoutError:', 'channel_id': '608939815186071552', 'author': {'username': 'Amethyst (Moderation)', 'id': '668264807517913106', 'discriminator': '1676', 'bot': True, 'avatar': None}, 'attachments': [], 'guild_id': '608873428031766551'}}
2020-02-29 10:24:02,784:DEBUG:discord.client: Dispatching event socket_response
2020-02-29 10:24:02,784:DEBUG:discord.client: Dispatching event message
2020-02-29 10:24:02,878:DEBUG:discord.gateway: Sending "{"op":3,"d":{"game":{"type":0,"name":"Playing with 1 guilds","timestamps":{}},"afk":false,"since":0.0,"status":"online"}}" to change status
2020-02-29 10:24:02,878:DEBUG:discord.client: Dispatching event socket_raw_send
2020-02-29 10:24:03,012:DEBUG:discord.http: POST https://discordapp.com/api/v7/channels/608939815186071552/messages with {"content":"Oops, an error occured! Command raised an exception: TimeoutError: "} has returned 200
2020-02-29 10:24:03,012:DEBUG:discord.http: POST https://discordapp.com/api/v7/channels/608939815186071552/messages has received {'id': '683152141581549623', 'type': 0, 'content': 'Oops, an error occured! Command raised an exception: TimeoutError:', 'channel_id': '608939815186071552', 'author': {'id': '668264807517913106', 'username': 'Amethyst (Moderation)', 'avatar': None, 'discriminator': '1676', 'bot': True}, 'attachments': [], 'embeds': [], 'mentions': [], 'mention_roles': [], 'pinned': False, 'mention_everyone': False, 'tts': False, 'timestamp': '2020-02-29T03:22:42.906000+00:00', 'edited_timestamp': None, 'flags': 0, 'nonce': None}
2020-02-29 10:24:07,882:DEBUG:discord.gateway: Sending "{"op":3,"d":{"game":{"type":0,"name":"Playing with 1 guilds","timestamps":{}},"afk":false,"since":0.0,"status":"online"}}" to change status
2020-02-29 10:24:07,882:DEBUG:discord.client: Dispatching event socket_raw_send
2020-02-29 10:24:12,884:DEBUG:discord.gateway: Sending "{"op":3,"d":{"game":{"type":0,"name":"Playing with 1 guilds","timestamps":{}},"afk":false,"since":0.0,"status":"online"}}" to change status
2020-02-29 10:24:12,884:DEBUG:discord.client: Dispatching event socket_raw_send
2020-02-29 10:24:17,886:DEBUG:discord.gateway: Sending "{"op":3,"d":{"game":{"type":0,"name":"Playing with 1 guilds","timestamps":{}},"afk":false,"since":0.0,"status":"online"}}" to change status
2020-02-29 10:24:17,886:DEBUG:discord.client: Dispatching event socket_raw_send
2020-02-29 10:24:22,879:DEBUG:discord.gateway: Sending "{"op":3,"d":{"game":{"type":0,"name":"Playing with 1 guilds","timestamps":{}},"afk":false,"since":0.0,"status":"online"}}" to change status
2020-02-29 10:24:22,879:DEBUG:discord.client: Dispatching event socket_raw_send
2020-02-29 10:24:27,880:DEBUG:discord.gateway: Sending "{"op":3,"d":{"game":{"type":0,"name":"Playing with 1 guilds","timestamps":{}},"afk":false,"since":0.0,"status":"online"}}" to change status
2020-02-29 10:24:27,880:DEBUG:discord.client: Dispatching event socket_raw_send
2020-02-29 10:24:32,882:DEBUG:discord.gateway: Sending "{"op":3,"d":{"game":{"type":0,"name":"Playing with 1 guilds","timestamps":{}},"afk":false,"since":0.0,"status":"online"}}" to change status
2020-02-29 10:24:32,882:DEBUG:discord.client: Dispatching event socket_raw_send
2020-02-29 10:24:37,886:DEBUG:discord.gateway: Sending "{"op":3,"d":{"game":{"type":0,"name":"Playing with 1 guilds","timestamps":{}},"afk":false,"since":0.0,"status":"online"}}" to change status
2020-02-29 10:24:37,886:DEBUG:discord.client: Dispatching event socket_raw_send
2020-02-29 10:24:42,888:DEBUG:discord.gateway: Sending "{"op":3,"d":{"game":{"type":0,"name":"Playing with 1 guilds","timestamps":{}},"afk":false,"since":0.0,"status":"online"}}" to change status
2020-02-29 10:24:42,888:DEBUG:discord.client: Dispatching event socket_raw_send
2020-02-29 10:24:42,908:DEBUG:discord.gateway: Keeping websocket alive with sequence 20.
2020-02-29 10:24:42,908:DEBUG:discord.client: Dispatching event socket_raw_send
2020-02-29 10:24:43,277:DEBUG:discord.client: Dispatching event socket_raw_receive
2020-02-29 10:24:43,277:DEBUG:discord.gateway: For Shard ID None: WebSocket Event: {'t': None, 's': None, 'op': 11, 'd': None}
2020-02-29 10:24:43,277:DEBUG:discord.client: Dispatching event socket_response
2020-02-29 10:24:47,888:DEBUG:discord.gateway: Sending "{"op":3,"d":{"game":{"type":0,"name":"Playing with 1 guilds","timestamps":{}},"afk":false,"since":0.0,"status":"online"}}" to change status
2020-02-29 10:24:47,888:DEBUG:discord.client: Dispatching event socket_raw_send
2020-02-29 10:24:52,889:DEBUG:discord.gateway: Sending "{"op":3,"d":{"game":{"type":0,"name":"Playing with 1 guilds","timestamps":{}},"afk":false,"since":0.0,"status":"online"}}" to change status
2020-02-29 10:24:52,889:DEBUG:discord.client: Dispatching event socket_raw_send
2020-02-29 10:24:57,890:DEBUG:discord.gateway: Sending "{"op":3,"d":{"game":{"type":0,"name":"Playing with 1 guilds","timestamps":{}},"afk":false,"since":0.0,"status":"online"}}" to change status
2020-02-29 10:24:57,890:DEBUG:discord.client: Dispatching event socket_raw_send
2020-02-29 10:25:02,892:DEBUG:discord.gateway: Sending "{"op":3,"d":{"game":{"type":0,"name":"Playing with 1 guilds","timestamps":{}},"afk":false,"since":0.0,"status":"online"}}" to change status
2020-02-29 10:25:02,892:DEBUG:discord.client: Dispatching event socket_raw_send
2020-02-29 10:25:07,894:DEBUG:discord.gateway: Sending "{"op":3,"d":{"game":{"type":0,"name":"Playing with 1 guilds","timestamps":{}},"afk":false,"since":0.0,"status":"online"}}" to change status
2020-02-29 10:25:07,894:DEBUG:discord.client: Dispatching event socket_raw_send
2020-02-29 10:25:12,900:DEBUG:discord.gateway: Sending "{"op":3,"d":{"game":{"type":0,"name":"Playing with 1 guilds","timestamps":{}},"afk":false,"since":0.0,"status":"online"}}" to change status
2020-02-29 10:25:12,900:DEBUG:discord.client: Dispatching event socket_raw_send
2020-02-29 10:25:17,902:DEBUG:discord.gateway: Sending "{"op":3,"d":{"game":{"type":0,"name":"Playing with 1 guilds","timestamps":{}},"afk":false,"since":0.0,"status":"online"}}" to change status
2020-02-29 10:25:17,902:DEBUG:discord.client: Dispatching event socket_raw_send
2020-02-29 10:25:22,908:DEBUG:discord.gateway: Sending "{"op":3,"d":{"game":{"type":0,"name":"Playing with 1 guilds","timestamps":{}},"afk":false,"since":0.0,"status":"online"}}" to change status
2020-02-29 10:25:22,908:DEBUG:discord.client: Dispatching event socket_raw_send
2020-02-29 10:25:24,158:DEBUG:discord.gateway: Keeping websocket alive with sequence 20.
2020-02-29 10:25:24,158:DEBUG:discord.client: Dispatching event socket_raw_send
2020-02-29 10:25:24,472:DEBUG:discord.client: Dispatching event socket_raw_receive
2020-02-29 10:25:24,472:DEBUG:discord.gateway: For Shard ID None: WebSocket Event: {'t': None, 's': None, 'op': 11, 'd': None}
2020-02-29 10:25:24,472:DEBUG:discord.client: Dispatching event socket_response
2020-02-29 10:25:27,914:DEBUG:discord.gateway: Sending "{"op":3,"d":{"game":{"type":0,"name":"Playing with 1 guilds","timestamps":{}},"afk":false,"since":0.0,"status":"online"}}" to change status
2020-02-29 10:25:27,914:DEBUG:discord.client: Dispatching event socket_raw_send
2020-02-29 10:25:32,916:DEBUG:discord.gateway: Sending "{"op":3,"d":{"game":{"type":0,"name":"Playing with 1 guilds","timestamps":{}},"afk":false,"since":0.0,"status":"online"}}" to change status
2020-02-29 10:25:32,916:DEBUG:discord.client: Dispatching event socket_raw_send
